<?xml version="1.0" encoding="UTF-8"?>
<testng-results skipped="0" failed="0" ignored="0" total="1" passed="1">
  <reporter-output>
  </reporter-output>
  <suite name="Default suite" duration-ms="23435" started-at="2021-05-03T12:17:04Z" finished-at="2021-05-03T12:17:27Z">
    <groups>
    </groups>
    <test name="Default test" duration-ms="23435" started-at="2021-05-03T12:17:04Z" finished-at="2021-05-03T12:17:27Z">
      <class name="testcases.TC001">
        <test-method status="PASS" signature="test()[pri:0, instance:testcases.TC001@4cc0edeb]" name="test" duration-ms="23405" started-at="2021-05-03T17:47:04Z" finished-at="2021-05-03T17:47:27Z">
          <reporter-output>
          </reporter-output>
        </test-method> <!-- test -->
      </class> <!-- testcases.TC001 -->
    </test> <!-- Default test -->
  </suite> <!-- Default suite -->
</testng-results>
